[22:14:01] [main/INFO] [com.velocitypowered.proxy.VelocityServer]: Booting up Velocity 3.4.0-SNAPSHOT (git-bd2bb632-b496)...
[22:14:01] [main/INFO] [com.velocitypowered.proxy.VelocityServer]: Loading localizations...
[22:14:01] [main/INFO] [com.velocitypowered.proxy.network.ConnectionManager]: Connections will use epoll channels, libdeflate (Linux x86_64) compression, OpenSSL 1.1.x (Linux x86_64) ciphers
[22:14:01] [main/WARN] [com.velocitypowered.proxy.config.VelocityConfiguration]: The proxy is running in offline mode! This is a security risk and you will NOT receive any support!
[22:14:01] [main/WARN] [com.velocitypowered.proxy.config.VelocityConfiguration]: Player info forwarding is disabled! All players will appear to be connecting from the proxy and will have offline-mode UUIDs.
[22:14:01] [main/INFO] [com.velocitypowered.proxy.VelocityServer]: Loading plugins...
[22:14:01] [main/ERROR] [com.velocitypowered.proxy.console.VelocityConsole]: :>:>:>:>:>:>:>:>:>:>:>:>:>:>:>:>:>:>:>:>:>:>:>
[22:14:01] [main/ERROR] [com.velocitypowered.proxy.console.VelocityConsole]: :>  
[22:14:01] [main/ERROR] [com.velocitypowered.proxy.console.VelocityConsole]: :>      EAGLERCRAFTXVELOCITY WARNING:
[22:14:01] [main/ERROR] [com.velocitypowered.proxy.console.VelocityConsole]: :>  
[22:14:01] [main/ERROR] [com.velocitypowered.proxy.console.VelocityConsole]: :>  This plugin wasn't tested to be 'working'
[22:14:01] [main/ERROR] [com.velocitypowered.proxy.console.VelocityConsole]: :>  with ANY version of Velocity (and forks)
[22:14:01] [main/ERROR] [com.velocitypowered.proxy.console.VelocityConsole]: :>  apart from the versions listed below:
[22:14:01] [main/ERROR] [com.velocitypowered.proxy.console.VelocityConsole]: :>  
[22:14:01] [main/ERROR] [com.velocitypowered.proxy.console.VelocityConsole]: :>  - Velocity: 3.4.0-SNAPSHOT:6995f415:b464
[22:14:01] [main/ERROR] [com.velocitypowered.proxy.console.VelocityConsole]: :>  - https://api.papermc.io/v2/projects/velocity/versions/3.4.0-SNAPSHOT/builds/464/downloads/velocity-3.4.0-SNAPSHOT-464.jar
[22:14:01] [main/ERROR] [com.velocitypowered.proxy.console.VelocityConsole]: :>  
[22:14:01] [main/ERROR] [com.velocitypowered.proxy.console.VelocityConsole]: :>  This is not a Bukkit/Spigot plugin!
[22:14:01] [main/ERROR] [com.velocitypowered.proxy.console.VelocityConsole]: :>  
[22:14:01] [main/ERROR] [com.velocitypowered.proxy.console.VelocityConsole]: :>  Use "-Deaglerxvelocity.stfu=true" to hide
[22:14:01] [main/ERROR] [com.velocitypowered.proxy.console.VelocityConsole]: :>  
[22:14:01] [main/ERROR] [com.velocitypowered.proxy.console.VelocityConsole]: :>:>:>:>:>:>:>:>:>:>:>:>:>:>:>:>:>:>:>:>:>:>:>
[22:14:01] [main/INFO] [com.velocitypowered.proxy.plugin.VelocityPluginManager]: Loaded plugin eaglerxvelocity 1.1.7 by lax1dude, ayunami2000
[22:14:01] [main/INFO] [com.velocitypowered.proxy.VelocityServer]: Loaded 2 plugins
[22:14:01] [EaglercraftXVelocity - Task Executor #0/WARN] [eaglerxvelocity]: This plugin is still in development, certain features may not be functional!
[22:14:01] [EaglercraftXVelocity - Task Executor #0/WARN] [eaglerxvelocity]: Not recommended for public servers yet, please check for updates
[22:14:02] [EaglercraftXVelocity - Task Executor #0/ERROR] [eaglerxvelocity]: Online mode is set to false! Authentication system has been disabled
[22:14:02] [Netty epoll Boss #0/INFO] [eaglerxvelocity]: Eaglercraft is listening on: /0.0.0.0:8081
[22:14:02] [EaglercraftXVelocity - Task Executor #0/INFO] [eaglerxvelocity]: Connected to database: jdbc:sqlite:eaglercraft_skins_cache.db
[22:14:02] [EaglercraftXVelocity - Task Executor #0/INFO] [eaglerxvelocity]: Voice chat disabled, add "allow_voice: true" to your listeners to enable
[22:14:02] [Netty epoll Boss #1/INFO] [com.velocitypowered.proxy.network.ConnectionManager]: Listening on /[0:0:0:0:0:0:0:0]:25577
[22:14:02] [main/INFO] [com.velocitypowered.proxy.Velocity]: Done (1.65s)!
